This is pdfTeX, Version 3.14159265-2.6-1.40.19 (MiKTeX 2.9.6630 64-bit) (preloaded format=pdflatex 2018.5.7)  15 OCT 2020 13:11
entering extended mode
**./Co-lab-Session-1-NPDHist-CPDF.tex
(Co-lab-Session-1-NPDHist-CPDF.tex
LaTeX2e <2017-04-15>
Babel <3.18> and hyphenation patterns for 75 language(s) loaded.
("C:\Program Files\MiKTeX 2.9\tex\latex\base\article.cls"
Document Class: article 2014/09/29 v1.4h Standard LaTeX document class
("C:\Program Files\MiKTeX 2.9\tex\latex\base\size10.clo"
File: size10.clo 2014/09/29 v1.4h Standard LaTeX file (size option)
)
\c@part=\count79
\c@section=\count80
\c@subsection=\count81
\c@subsubsection=\count82
\c@paragraph=\count83
\c@subparagraph=\count84
\c@figure=\count85
\c@table=\count86
\abovecaptionskip=\skip41
\belowcaptionskip=\skip42
\bibindent=\dimen102
)
("C:\Program Files\MiKTeX 2.9\tex\latex\setspace\setspace.sty"
Package: setspace 2011/12/19 v6.7a set line spacing
)
("C:\Program Files\MiKTeX 2.9\tex\latex\geometry\geometry.sty"
Package: geometry 2010/09/12 v5.6 Page Geometry

("C:\Program Files\MiKTeX 2.9\tex\latex\graphics\keyval.sty"
Package: keyval 2014/10/28 v1.15 key=value parser (DPC)
\KV@toks@=\toks14
)
("C:\Program Files\MiKTeX 2.9\tex\generic\oberdiek\ifpdf.sty"
Package: ifpdf 2017/03/15 v3.2 Provides the ifpdf switch
)
("C:\Program Files\MiKTeX 2.9\tex\generic\oberdiek\ifvtex.sty"
Package: ifvtex 2016/05/16 v1.6 Detect VTeX and its facilities (HO)
Package ifvtex Info: VTeX not detected.
)
("C:\Program Files\MiKTeX 2.9\tex\generic\ifxetex\ifxetex.sty"
Package: ifxetex 2010/09/12 v0.6 Provides ifxetex conditional
)
\Gm@cnth=\count87
\Gm@cntv=\count88
\c@Gm@tempcnt=\count89
\Gm@bindingoffset=\dimen103
\Gm@wd@mp=\dimen104
\Gm@odd@mp=\dimen105
\Gm@even@mp=\dimen106
\Gm@layoutwidth=\dimen107
\Gm@layoutheight=\dimen108
\Gm@layouthoffset=\dimen109
\Gm@layoutvoffset=\dimen110
\Gm@dimlist=\toks15

("C:\Program Files\MiKTeX 2.9\tex\latex\geometry\geometry.cfg"))
("C:\Program Files\MiKTeX 2.9\tex\latex\titlesec\titlesec.sty"
Package: titlesec 2016/03/21 v2.10.2 Sectioning titles
\ttl@box=\box26
\beforetitleunit=\skip43
\aftertitleunit=\skip44
\ttl@plus=\dimen111
\ttl@minus=\dimen112
\ttl@toksa=\toks16
\titlewidth=\dimen113
\titlewidthlast=\dimen114
\titlewidthfirst=\dimen115
)
("C:\Program Files\MiKTeX 2.9\tex\latex\enumitem\enumitem.sty"
Package: enumitem 2011/09/28 v3.5.2 Customized lists
\labelindent=\skip45
\enit@outerparindent=\dimen116
\enit@toks=\toks17
\enit@inbox=\box27
\enitdp@description=\count90
)
("C:\Program Files\MiKTeX 2.9\tex\latex\listings\listings.sty"
\lst@mode=\count91
\lst@gtempboxa=\box28
\lst@token=\toks18
\lst@length=\count92
\lst@currlwidth=\dimen117
\lst@column=\count93
\lst@pos=\count94
\lst@lostspace=\dimen118
\lst@width=\dimen119
\lst@newlines=\count95
\lst@lineno=\count96
\lst@maxwidth=\dimen120

("C:\Program Files\MiKTeX 2.9\tex\latex\listings\lstmisc.sty"
File: lstmisc.sty 2015/06/04 1.6 (Carsten Heinz)
\c@lstnumber=\count97
\lst@skipnumbers=\count98
\lst@framebox=\box29
)
("C:\Program Files\MiKTeX 2.9\tex\latex\listings\listings.cfg"
File: listings.cfg 2015/06/04 1.6 listings configuration
))
Package: listings 2015/06/04 1.6 (Carsten Heinz)

("C:\Program Files\MiKTeX 2.9\tex\latex\amsmath\amsmath.sty"
Package: amsmath 2017/09/02 v2.17a AMS math features
\@mathmargin=\skip46

For additional information on amsmath, use the `?' option.
("C:\Program Files\MiKTeX 2.9\tex\latex\amsmath\amstext.sty"
Package: amstext 2000/06/29 v2.01 AMS text

("C:\Program Files\MiKTeX 2.9\tex\latex\amsmath\amsgen.sty"
File: amsgen.sty 1999/11/30 v2.0 generic functions
\@emptytoks=\toks19
\ex@=\dimen121
))
("C:\Program Files\MiKTeX 2.9\tex\latex\amsmath\amsbsy.sty"
Package: amsbsy 1999/11/29 v1.2d Bold Symbols
\pmbraise@=\dimen122
)
("C:\Program Files\MiKTeX 2.9\tex\latex\amsmath\amsopn.sty"
Package: amsopn 2016/03/08 v2.02 operator names
)
\inf@bad=\count99
LaTeX Info: Redefining \frac on input line 213.
\uproot@=\count100
\leftroot@=\count101
LaTeX Info: Redefining \overline on input line 375.
\classnum@=\count102
\DOTSCASE@=\count103
LaTeX Info: Redefining \ldots on input line 472.
LaTeX Info: Redefining \dots on input line 475.
LaTeX Info: Redefining \cdots on input line 596.
\Mathstrutbox@=\box30
\strutbox@=\box31
\big@size=\dimen123
LaTeX Font Info:    Redeclaring font encoding OML on input line 712.
LaTeX Font Info:    Redeclaring font encoding OMS on input line 713.
\macc@depth=\count104
\c@MaxMatrixCols=\count105
\dotsspace@=\muskip10
\c@parentequation=\count106
\dspbrk@lvl=\count107
\tag@help=\toks20
\row@=\count108
\column@=\count109
\maxfields@=\count110
\andhelp@=\toks21
\eqnshift@=\dimen124
\alignsep@=\dimen125
\tagshift@=\dimen126
\tagwidth@=\dimen127
\totwidth@=\dimen128
\lineht@=\dimen129
\@envbody=\toks22
\multlinegap=\skip47
\multlinetaggap=\skip48
\mathdisplay@stack=\toks23
LaTeX Info: Redefining \[ on input line 2817.
LaTeX Info: Redefining \] on input line 2818.
)
("C:\Program Files\MiKTeX 2.9\tex\latex\tools\bm.sty"
Package: bm 2017/01/16 v1.2c Bold Symbol Support (DPC/FMi)
\symboldoperators=\mathgroup4
\symboldletters=\mathgroup5
\symboldsymbols=\mathgroup6
LaTeX Font Info:    Redeclaring math alphabet \mathbf on input line 141.
LaTeX Info: Redefining \bm on input line 207.
)
("C:\Program Files\MiKTeX 2.9\tex\latex\float\float.sty"
Package: float 2001/11/08 v1.3d Float enhancements (AL)
\c@float@type=\count111
\float@exts=\toks24
\float@box=\box32
\@float@everytoks=\toks25
\@floatcapt=\box33
)
("C:\Program Files\MiKTeX 2.9\tex\latex\graphics\graphicx.sty"
Package: graphicx 2017/06/01 v1.1a Enhanced LaTeX Graphics (DPC,SPQR)

("C:\Program Files\MiKTeX 2.9\tex\latex\graphics\graphics.sty"
Package: graphics 2017/06/25 v1.2c Standard LaTeX Graphics (DPC,SPQR)

("C:\Program Files\MiKTeX 2.9\tex\latex\graphics\trig.sty"
Package: trig 2016/01/03 v1.10 sin cos tan (DPC)
)
("C:\Program Files\MiKTeX 2.9\tex\latex\graphics-cfg\graphics.cfg"
File: graphics.cfg 2016/06/04 v1.11 sample graphics configuration
)
Package graphics Info: Driver file: pdftex.def on input line 99.

("C:\Program Files\MiKTeX 2.9\tex\latex\graphics-def\pdftex.def"
File: pdftex.def 2018/01/08 v1.0l Graphics/color driver for pdftex
))
\Gin@req@height=\dimen130
\Gin@req@width=\dimen131
)
("C:\Program Files\MiKTeX 2.9\tex\latex\caption\subcaption.sty"
Package: subcaption 2018/05/01 v1.1-162 Sub-captions (AR)

("C:\Program Files\MiKTeX 2.9\tex\latex\caption\caption.sty"
Package: caption 2018/05/01 v3.3-147 Customizing captions (AR)

("C:\Program Files\MiKTeX 2.9\tex\latex\caption\caption3.sty"
Package: caption3 2018/05/27 v1.8a caption3 kernel (AR)
Package caption3 Info: TeX engine: e-TeX on input line 64.
\captionmargin=\dimen132
\captionmargin@=\dimen133
\captionwidth=\dimen134
\caption@tempdima=\dimen135
\caption@indent=\dimen136
\caption@parindent=\dimen137
\caption@hangindent=\dimen138
)
\c@ContinuedFloat=\count112
Package caption Info: float package is loaded.
Package caption Info: listings package is loaded.
)
\c@subfigure=\count113
\c@subtable=\count114
)
("C:\Program Files\MiKTeX 2.9\tex\latex\xcolor\xcolor.sty"
Package: xcolor 2016/05/11 v2.12 LaTeX color extensions (UK)

("C:\Program Files\MiKTeX 2.9\tex\latex\graphics-cfg\color.cfg"
File: color.cfg 2016/01/02 v1.6 sample color configuration
)
Package xcolor Info: Driver file: pdftex.def on input line 225.
Package xcolor Info: Model `cmy' substituted by `cmy0' on input line 1348.
Package xcolor Info: Model `hsb' substituted by `rgb' on input line 1352.
Package xcolor Info: Model `RGB' extended on input line 1364.
Package xcolor Info: Model `HTML' substituted by `rgb' on input line 1366.
Package xcolor Info: Model `Hsb' substituted by `hsb' on input line 1367.
Package xcolor Info: Model `tHsb' substituted by `hsb' on input line 1368.
Package xcolor Info: Model `HSB' substituted by `hsb' on input line 1369.
Package xcolor Info: Model `Gray' substituted by `gray' on input line 1370.
Package xcolor Info: Model `wave' substituted by `hsb' on input line 1371.
)
("C:\Program Files\MiKTeX 2.9\tex\latex\colortbl\colortbl.sty"
Package: colortbl 2018/12/12 v1.0d Color table columns (DPC)

("C:\Program Files\MiKTeX 2.9\tex\latex\tools\array.sty"
Package: array 2016/10/06 v2.4d Tabular extension package (FMi)
\col@sep=\dimen139
\extrarowheight=\dimen140
\NC@list=\toks26
\extratabsurround=\skip49
\backup@length=\skip50
)
\everycr=\toks27
\minrowclearance=\skip51
)
("C:\Program Files\MiKTeX 2.9\tex\latex\changepage\changepage.sty"
Package: changepage 2009/10/20 v1.0c check page and change page layout
\c@cp@cntr=\count115
\cp@tempcnt=\count116
)
("C:\Program Files\MiKTeX 2.9\tex\latex\oberdiek\pdflscape.sty"
Package: pdflscape 2016/05/14 v0.11 Display of landscape pages in PDF (HO)

("C:\Program Files\MiKTeX 2.9\tex\latex\graphics\lscape.sty"
Package: lscape 2000/10/22 v3.01 Landscape Pages (DPC)
)
Package pdflscape Info: Auto-detected driver: pdftex on input line 81.
)
("C:\Program Files\MiKTeX 2.9\tex\latex\natbib\natbib.sty"
Package: natbib 2010/09/13 8.31b (PWD, AO)
\bibhang=\skip52
\bibsep=\skip53
LaTeX Info: Redefining \cite on input line 694.
\c@NAT@ctr=\count117
)
("C:\Program Files\MiKTeX 2.9\tex\latex\footmisc\footmisc.sty"
Package: footmisc 2011/06/06 v5.5b a miscellany of footnote facilities
\FN@temptoken=\toks28
\footnotemargin=\dimen141
\c@pp@next@reset=\count118
Package footmisc Info: Declaring symbol style bringhurst on input line 855.
Package footmisc Info: Declaring symbol style chicago on input line 863.
Package footmisc Info: Declaring symbol style wiley on input line 872.
Package footmisc Info: Declaring symbol style lamport-robust on input line 883.

Package footmisc Info: Declaring symbol style lamport* on input line 903.
Package footmisc Info: Declaring symbol style lamport*-robust on input line 924
.
)
("C:\Program Files\MiKTeX 2.9\tex\latex\hyperref\hyperref.sty"
Package: hyperref 2018/02/06 v6.86b Hypertext links for LaTeX

("C:\Program Files\MiKTeX 2.9\tex\generic\oberdiek\hobsub-hyperref.sty"
Package: hobsub-hyperref 2016/05/16 v1.14 Bundle oberdiek, subset hyperref (HO)


("C:\Program Files\MiKTeX 2.9\tex\generic\oberdiek\hobsub-generic.sty"
Package: hobsub-generic 2016/05/16 v1.14 Bundle oberdiek, subset generic (HO)
Package: hobsub 2016/05/16 v1.14 Construct package bundles (HO)
Package: infwarerr 2016/05/16 v1.4 Providing info/warning/error messages (HO)
Package: ltxcmds 2016/05/16 v1.23 LaTeX kernel commands for general use (HO)
Package: ifluatex 2016/05/16 v1.4 Provides the ifluatex switch (HO)
Package ifluatex Info: LuaTeX not detected.
Package hobsub Info: Skipping package `ifvtex' (already loaded).
Package: intcalc 2016/05/16 v1.2 Expandable calculations with integers (HO)
Package hobsub Info: Skipping package `ifpdf' (already loaded).
Package: etexcmds 2016/05/16 v1.6 Avoid name clashes with e-TeX commands (HO)
Package etexcmds Info: Could not find \expanded.
(etexcmds)             That can mean that you are not using pdfTeX 1.50 or
(etexcmds)             that some package has redefined \expanded.
(etexcmds)             In the latter case, load this package earlier.
Package: kvsetkeys 2016/05/16 v1.17 Key value parser (HO)
Package: kvdefinekeys 2016/05/16 v1.4 Define keys (HO)
Package: pdftexcmds 2018/01/21 v0.26 Utility functions of pdfTeX for LuaTeX (HO
)
Package pdftexcmds Info: LuaTeX not detected.
Package pdftexcmds Info: \pdf@primitive is available.
Package pdftexcmds Info: \pdf@ifprimitive is available.
Package pdftexcmds Info: \pdfdraftmode found.
Package: pdfescape 2016/05/16 v1.14 Implements pdfTeX's escape features (HO)
Package: bigintcalc 2016/05/16 v1.4 Expandable calculations on big integers (HO
)
Package: bitset 2016/05/16 v1.2 Handle bit-vector datatype (HO)
Package: uniquecounter 2016/05/16 v1.3 Provide unlimited unique counter (HO)
)
Package hobsub Info: Skipping package `hobsub' (already loaded).
Package: letltxmacro 2016/05/16 v1.5 Let assignment for LaTeX macros (HO)
Package: hopatch 2016/05/16 v1.3 Wrapper for package hooks (HO)
Package: xcolor-patch 2016/05/16 xcolor patch
Package: atveryend 2016/05/16 v1.9 Hooks at the very end of document (HO)
Package atveryend Info: \enddocument detected (standard20110627).
Package: atbegshi 2016/06/09 v1.18 At begin shipout hook (HO)
Package: refcount 2016/05/16 v3.5 Data extraction from label references (HO)
Package: hycolor 2016/05/16 v1.8 Color options for hyperref/bookmark (HO)
)
("C:\Program Files\MiKTeX 2.9\tex\latex\oberdiek\auxhook.sty"
Package: auxhook 2016/05/16 v1.4 Hooks for auxiliary files (HO)
)
("C:\Program Files\MiKTeX 2.9\tex\latex\oberdiek\kvoptions.sty"
Package: kvoptions 2016/05/16 v3.12 Key value format for package options (HO)
)
\@linkdim=\dimen142
\Hy@linkcounter=\count119
\Hy@pagecounter=\count120

("C:\Program Files\MiKTeX 2.9\tex\latex\hyperref\pd1enc.def"
File: pd1enc.def 2018/02/06 v6.86b Hyperref: PDFDocEncoding definition (HO)
)
\Hy@SavedSpaceFactor=\count121

("C:\Program Files\MiKTeX 2.9\tex\latex\00miktex\hyperref.cfg"
File: hyperref.cfg 2002/06/06 v1.2 hyperref configuration of TeXLive
)
Package hyperref Info: Hyper figures OFF on input line 4509.
Package hyperref Info: Link nesting OFF on input line 4514.
Package hyperref Info: Hyper index ON on input line 4517.
Package hyperref Info: Plain pages OFF on input line 4524.
Package hyperref Info: Backreferencing OFF on input line 4529.
Package hyperref Info: Implicit mode ON; LaTeX internals redefined.
Package hyperref Info: Bookmarks ON on input line 4762.
\c@Hy@tempcnt=\count122

("C:\Program Files\MiKTeX 2.9\tex\latex\url\url.sty"
\Urlmuskip=\muskip11
Package: url 2013/09/16  ver 3.4  Verb mode for urls, etc.
)
LaTeX Info: Redefining \url on input line 5115.
\XeTeXLinkMargin=\dimen143
\Fld@menulength=\count123
\Field@Width=\dimen144
\Fld@charsize=\dimen145
Package hyperref Info: Hyper figures OFF on input line 6369.
Package hyperref Info: Link nesting OFF on input line 6374.
Package hyperref Info: Hyper index ON on input line 6377.
Package hyperref Info: backreferencing OFF on input line 6384.
Package hyperref Info: Link coloring OFF on input line 6389.
Package hyperref Info: Link coloring with OCG OFF on input line 6394.
Package hyperref Info: PDF/A mode OFF on input line 6399.
LaTeX Info: Redefining \ref on input line 6439.
LaTeX Info: Redefining \pageref on input line 6443.
\Hy@abspage=\count124
\c@Item=\count125
\c@Hfootnote=\count126
)
Package hyperref Info: Driver (autodetected): hpdftex.

("C:\Program Files\MiKTeX 2.9\tex\latex\hyperref\hpdftex.def"
File: hpdftex.def 2018/02/06 v6.86b Hyperref driver for pdfTeX
\Fld@listcount=\count127
\c@bookmark@seq@number=\count128

("C:\Program Files\MiKTeX 2.9\tex\latex\oberdiek\rerunfilecheck.sty"
Package: rerunfilecheck 2016/05/16 v1.8 Rerun checks for auxiliary files (HO)
Package uniquecounter Info: New unique counter `rerunfilecheck' on input line 2
82.
)
\Hy@SectionHShift=\skip54
)
Package hyperref Info: Option `colorlinks' set `true' on input line 40.

(Co-lab-Session-1-NPDHist-CPDF.aux)
\openout1 = `Co-lab-Session-1-NPDHist-CPDF.aux'.

LaTeX Font Info:    Checking defaults for OML/cmm/m/it on input line 53.
LaTeX Font Info:    ... okay on input line 53.
LaTeX Font Info:    Checking defaults for T1/cmr/m/n on input line 53.
LaTeX Font Info:    ... okay on input line 53.
LaTeX Font Info:    Checking defaults for OT1/cmr/m/n on input line 53.
LaTeX Font Info:    ... okay on input line 53.
LaTeX Font Info:    Checking defaults for OMS/cmsy/m/n on input line 53.
LaTeX Font Info:    ... okay on input line 53.
LaTeX Font Info:    Checking defaults for OMX/cmex/m/n on input line 53.
LaTeX Font Info:    ... okay on input line 53.
LaTeX Font Info:    Checking defaults for U/cmr/m/n on input line 53.
LaTeX Font Info:    ... okay on input line 53.
LaTeX Font Info:    Checking defaults for PD1/pdf/m/n on input line 53.
LaTeX Font Info:    ... okay on input line 53.

*geometry* driver: auto-detecting
*geometry* detected driver: pdftex
*geometry* verbose mode - [ preamble ] result:
* driver: pdftex
* paper: letterpaper
* layout: <same size as paper>
* layoutoffset:(h,v)=(0.0pt,0.0pt)
* modes: 
* h-part:(L,W,R)=(72.26999pt, 469.75502pt, 72.26999pt)
* v-part:(T,H,B)=(72.26999pt, 650.43001pt, 72.26999pt)
* \paperwidth=614.295pt
* \paperheight=794.96999pt
* \textwidth=469.75502pt
* \textheight=650.43001pt
* \oddsidemargin=0.0pt
* \evensidemargin=0.0pt
* \topmargin=-55.06749pt
* \headheight=12.0pt
* \headsep=25.0pt
* \topskip=10.0pt
* \footskip=30.0pt
* \marginparwidth=65.0pt
* \marginparsep=11.0pt
* \columnsep=10.0pt
* \skip\footins=12.0pt
* \hoffset=0.0pt
* \voffset=0.0pt
* \mag=1000
* \@twocolumnfalse
* \@twosidefalse
* \@mparswitchfalse
* \@reversemarginfalse
* (1in=72.27pt=25.4mm, 1cm=28.453pt)

\c@lstlisting=\count129
("C:\Program Files\MiKTeX 2.9\tex\context\base\supp-pdf.mkii"
[Loading MPS to PDF converter (version 2006.09.02).]
\scratchcounter=\count130
\scratchdimen=\dimen146
\scratchbox=\box34
\nofMPsegments=\count131
\nofMParguments=\count132
\everyMPshowfont=\toks29
\MPscratchCnt=\count133
\MPscratchDim=\dimen147
\MPnumerator=\count134
\makeMPintoPDFobject=\count135
\everyMPtoPDFconversion=\toks30
) ("C:\Program Files\MiKTeX 2.9\tex\latex\oberdiek\epstopdf-base.sty"
Package: epstopdf-base 2016/05/15 v2.6 Base part for package epstopdf

("C:\Program Files\MiKTeX 2.9\tex\latex\oberdiek\grfext.sty"
Package: grfext 2016/05/16 v1.2 Manage graphics extensions (HO)
)
Package epstopdf-base Info: Redefining graphics rule for `.eps' on input line 4
38.
Package grfext Info: Graphics extension search list:
(grfext)             [.pdf,.png,.jpg,.mps,.jpeg,.jbig2,.jb2,.PDF,.PNG,.JPG,.JPE
G,.JBIG2,.JB2,.eps]
(grfext)             \AppendGraphicsExtensions on input line 456.
)
Package caption Info: Begin \AtBeginDocument code.
Package caption Info: hyperref package is loaded.
Package caption Info: End \AtBeginDocument code.
\AtBeginShipoutBox=\box35
Package hyperref Info: Link coloring ON on input line 53.

("C:\Program Files\MiKTeX 2.9\tex\latex\hyperref\nameref.sty"
Package: nameref 2016/05/21 v2.44 Cross-referencing by name of section

("C:\Program Files\MiKTeX 2.9\tex\generic\oberdiek\gettitlestring.sty"
Package: gettitlestring 2016/05/16 v1.5 Cleanup title references (HO)
)
\c@section@level=\count136
)
LaTeX Info: Redefining \ref on input line 53.
LaTeX Info: Redefining \pageref on input line 53.
LaTeX Info: Redefining \nameref on input line 53.

(Co-lab-Session-1-NPDHist-CPDF.out) (Co-lab-Session-1-NPDHist-CPDF.out)
\@outlinefile=\write3
\openout3 = `Co-lab-Session-1-NPDHist-CPDF.out'.



LaTeX Warning: No \author given.

LaTeX Font Info:    Try loading font information for OMS+cmr on input line 64.
("C:\Program Files\MiKTeX 2.9\tex\latex\base\omscmr.fd"
File: omscmr.fd 2014/09/29 v2.5h Standard LaTeX font definitions
)
LaTeX Font Info:    Font shape `OMS/cmr/m/n' in size <10> not available
(Font)              Font shape `OMS/cmsy/m/n' tried instead on input line 64.
 [1

{C:/Users/Kyung Soon/AppData/Local/MiKTeX/2.9/pdftex/config/pdftex.map}]
Overfull \hbox (10.79268pt too wide) in paragraph at lines 136--137
[]\OT1/cmr/m/n/10 Duke Re-search Com-put-ing, \OT1/cmr/m/it/10 De-mand and De-l
iv-ery Clus-ter-ing Mod-els\OT1/cmr/m/n/10 , [][]$\OT1/cmtt/m/n/10 https : / / 
rstudio . cloud / project /
 []


Overfull \hbox (3.76396pt too wide) in paragraph at lines 152--153
[]\OT1/cmr/m/n/10 Andrews and Wainer, \OT1/cmr/m/it/10 The Great Mi-gra-tion: A
 Graph-ics Novel\OT1/cmr/m/n/10 , [][]$\OT1/cmtt/m/n/10 https : / / rss . onlin
elibrary .
 []

[2]
Underfull \hbox (badness 10000) in paragraph at lines 187--188

 []

<images/OpinionWordProportionXYPlotApp.png, id=184, 886.06032pt x 717.43031pt>
File: images/OpinionWordProportionXYPlotApp.png Graphic file (type png)
<use images/OpinionWordProportionXYPlotApp.png>
Package pdftex.def Info: images/OpinionWordProportionXYPlotApp.png  used on inp
ut line 190.
(pdftex.def)             Requested size: 469.75499pt x 380.35667pt.

LaTeX Warning: `!h' float specifier changed to `!ht'.


Underfull \hbox (badness 10000) in paragraph at lines 196--197

 []

<images/OpinionTextAnalysisApp-Freq-Corr.png, id=189, 912.40875pt x 570.63188pt
>
File: images/OpinionTextAnalysisApp-Freq-Corr.png Graphic file (type png)
<use images/OpinionTextAnalysisApp-Freq-Corr.png>
Package pdftex.def Info: images/OpinionTextAnalysisApp-Freq-Corr.png  used on i
nput line 199.
(pdftex.def)             Requested size: 469.75499pt x 293.78728pt.

LaTeX Warning: `!h' float specifier changed to `!ht'.

[3] [4 <./images/OpinionWordProportionXYPlotApp.png>] [5 <./images/OpinionTextA
nalysisApp-Freq-Corr.png>]
Underfull \hbox (badness 10000) in paragraph at lines 209--210

 []

<images/H2P2PhenotypicAssociations.png, id=213, 1112.65688pt x 712.91344pt>
File: images/H2P2PhenotypicAssociations.png Graphic file (type png)
<use images/H2P2PhenotypicAssociations.png>
Package pdftex.def Info: images/H2P2PhenotypicAssociations.png  used on input l
ine 212.
(pdftex.def)             Requested size: 469.75499pt x 300.98805pt.

Overfull \hbox (3.52155pt too wide) in paragraph at lines 239--240
[]\OT1/cmr/m/n/10 Workshop project link: [][]$\OT1/cmtt/m/n/10 https : / / rstu
dio . cloud / project / 1768881$[][] \OT1/cmr/m/n/10 (Duke-Co-lab/Shiny/Session
-
 []

[6

 <./images/H2P2PhenotypicAssociations.png>]
Overfull \hbox (5.16103pt too wide) in paragraph at lines 249--250
[]\OT1/cmr/m/n/10 Additional ma-te-rial, for this and other work-shop ses-sions
, is avail-able at [][]$\OT1/cmtt/m/n/10 https : / / github . com / tbalmat /
 []

[7]
<images/NPD-1.png, id=234, 436.63126pt x 582.67688pt>
File: images/NPD-1.png Graphic file (type png)
<use images/NPD-1.png>
Package pdftex.def Info: images/NPD-1.png  used on input line 299.
(pdftex.def)             Requested size: 325.215pt x 433.99257pt.
 [8 <./images/NPD-1.png>] [9]
Overfull \hbox (5.85341pt too wide) in paragraph at lines 422--423
[]\OT1/cmr/m/n/10 Common er-ror (\OT1/cmtt/m/n/10 "Warning: Error in tag: argum
ent is missing, with no default"\OT1/cmr/m/n/10 ) when
 []


Overfull \hbox (8.02136pt too wide) in paragraph at lines 434--435
[]\OT1/cmr/m/n/10 Alternate method(s) of launch-ing a Shiny app (\OT1/cmtt/m/n/
10 ui.r\OT1/cmr/m/n/10 , \OT1/cmtt/m/n/10 server.r\OT1/cmr/m/n/10 , \OT1/cmtt/m
/n/10 runApp(appDir=, host=, port=)\OT1/cmr/m/n/10 ) 
 []

[10]
<images/NPD-2.png, id=253, 552.56438pt x 592.46344pt>
File: images/NPD-2.png Graphic file (type png)
<use images/NPD-2.png>
Package pdftex.def Info: images/NPD-2.png  used on input line 449.
(pdftex.def)             Requested size: 397.48499pt x 426.18462pt.
 [11

 <./images/NPD-2.png>]
<images/NPD-3.png, id=263, 808.52063pt x 572.1375pt>
File: images/NPD-3.png Graphic file (type png)
<use images/NPD-3.png>
Package pdftex.def Info: images/NPD-3.png  used on input line 473.
(pdftex.def)             Requested size: 469.75499pt x 332.41617pt.
 [12

 <./images/NPD-3.png>]
<images/NPD-4.png, id=273, 811.53188pt x 624.08156pt>
File: images/NPD-4.png Graphic file (type png)
<use images/NPD-4.png>
Package pdftex.def Info: images/NPD-4.png  used on input line 502.
(pdftex.def)             Requested size: 433.62pt x 333.4661pt.
 [13

 <./images/NPD-4.png>] [14]
Overfull \hbox (4.71608pt too wide) in paragraph at lines 547--548
[]\OT1/cmr/m/n/10 The or-der of ex-e-cu-tion of re-ac-tive func-tions is not gu
ar-an-teed, [][]$\OT1/cmtt/m/n/10 https : / / shiny . rstudio . com / articles 
/
 []


Underfull \hbox (badness 10000) in paragraph at lines 549--554

 []


Overfull \hbox (11.99103pt too wide) in paragraph at lines 549--554
\OT1/cmtt/m/n/10 Error in .getReactiveEnvironment()$currentContext() : Operatio
n not allowed without an
 []


Overfull \hbox (6.74107pt too wide) in paragraph at lines 549--554
\OT1/cmtt/m/n/10 active reactive context. (You tried to do something that can o
nly be done from inside
 []


Overfull \hbox (40.46515pt too wide) in paragraph at lines 556--557
[]\OT1/cmr/m/n/10 More in-for-ma-tion on Shiny re-ac-tiv-ity is avail-able at [
][]$\OT1/cmtt/m/n/10 https : / / shiny . rstudio . com / articles / reactivity-
[]overview .
 []

[15

]
Overfull \hbox (5.66107pt too wide) in paragraph at lines 577--579
[]\OT1/cmr/m/n/10 The re-ac-tiv-ity log may be help-ful in de-bug-ging re-ac-ti
ve se-quenc-ing is-sues (\OT1/cmtt/m/n/10 options(shiny.reactlog=T)\OT1/cmr/m/n
/10 ,
 []


Overfull \hbox (57.99084pt too wide) in paragraph at lines 592--593
[][][]$\OT1/cmtt/m/n/10 https : / / www . opm . gov / policy-[]data-[]oversight
 / data-[]analysis-[]documentation / data-[]policy-[]guidance /
 []


Overfull \hbox (37.49103pt too wide) in paragraph at lines 593--594
[][][]$\OT1/cmtt/m/n/10 https : / / github . com / tbalmat / Duke-[]Co-[]lab / 
blob / master / Docs / US-[]OPM-[]Guide-[]To-[]Data-[]Standards .
 []


Overfull \hbox (171.82289pt too wide) in paragraph at lines 601--602
[]\OT1/cmr/m/n/10 Buzzfeed OPM data: [][]$\OT1/cmtt/m/n/10 https : / / www . bu
zzfeednews . com / article / jsvine / sharing-[]hundreds-[]of-[]millions-[]of-[
]federal-[]payroll-[]records$[][] 
 []

[16]
Underfull \hbox (badness 10000) in paragraph at lines 627--628

 []

<images/CPDF-Analysis-1.png, id=322, 674.52pt x 674.52pt>
File: images/CPDF-Analysis-1.png Graphic file (type png)
<use images/CPDF-Analysis-1.png>
Package pdftex.def Info: images/CPDF-Analysis-1.png  used on input line 642.
(pdftex.def)             Requested size: 433.62pt x 433.62628pt.

LaTeX Warning: `!h' float specifier changed to `!ht'.

<images/CPDF-Analysis-2.png, id=324, 674.52pt x 674.52pt>
File: images/CPDF-Analysis-2.png Graphic file (type png)
<use images/CPDF-Analysis-2.png>
Package pdftex.def Info: images/CPDF-Analysis-2.png  used on input line 649.
(pdftex.def)             Requested size: 433.62pt x 433.62628pt.

LaTeX Warning: `!h' float specifier changed to `!ht'.

[17] [18 <./images/CPDF-Analysis-1.png>] [19 <./images/CPDF-Analysis-2.png>]
<images/CPDF-Shiny-1.png, id=348, 764.8575pt x 716.6775pt>
File: images/CPDF-Shiny-1.png Graphic file (type png)
<use images/CPDF-Shiny-1.png>
Package pdftex.def Info: images/CPDF-Shiny-1.png  used on input line 675.
(pdftex.def)             Requested size: 433.62pt x 406.30144pt.


LaTeX Warning: `!h' float specifier changed to `!ht'.

<images/CPDF-Shiny-2.png, id=350, 764.10469pt x 566.115pt>
File: images/CPDF-Shiny-2.png Graphic file (type png)
<use images/CPDF-Shiny-2.png>
Package pdftex.def Info: images/CPDF-Shiny-2.png  used on input line 682.
(pdftex.def)             Requested size: 433.62pt x 321.2636pt.

LaTeX Warning: `!h' float specifier changed to `!ht'.


Overfull \hbox (6.56544pt too wide) in paragraph at lines 692--693
\OT1/cmtt/m/n/10 Duke-Co-lab/Shiny/Session-1-NPDHist-CPDF/App/CPDF/ShellExecuti
on/CPDF-FYSliderBar\OT1/cmr/m/n/10 . This mod-
 []


Overfull \hbox (24.82523pt too wide) in paragraph at lines 698--699
[]\OT1/cmr/m/n/10 Examine \OT1/cmtt/m/n/10 sliderInput() \OT1/cmr/m/n/10 prop-e
r-ties, [][]$\OT1/cmtt/m/n/10 https : / / shiny . rstudio . com / reference / s
hiny / 0 . 14 / sliderInput .
 []

<images/CPDF-SliderBar.png, id=355, 760.34062pt x 668.4975pt>
File: images/CPDF-SliderBar.png Graphic file (type png)
<use images/CPDF-SliderBar.png>
Package pdftex.def Info: images/CPDF-SliderBar.png  used on input line 704.
(pdftex.def)             Requested size: 433.62pt x 381.25154pt.

LaTeX Warning: `!h' float specifier changed to `!ht'.

[20

] [21 <./images/CPDF-Shiny-1.png>] [22 <./images/CPDF-Shiny-2.png>] [23 <./imag
es/CPDF-SliderBar.png>]
<images/navbarPage.png, id=385, 336.50719pt x 95.6072pt>
File: images/navbarPage.png Graphic file (type png)
<use images/navbarPage.png>
Package pdftex.def Info: images/navbarPage.png  used on input line 736.
(pdftex.def)             Requested size: 216.81pt x 61.59978pt.

Underfull \hbox (badness 10000) in paragraph at lines 757--758

 []

[24

 <./images/navbarPage.png>] [25]
Package atveryend Info: Empty hook `BeforeClearDocument' on input line 838.
 [26]
Package atveryend Info: Empty hook `AfterLastShipout' on input line 838.
 (Co-lab-Session-1-NPDHist-CPDF.aux)
Package atveryend Info: Executing hook `AtVeryEndDocument' on input line 838.
Package atveryend Info: Executing hook `AtEndAfterFileList' on input line 838.
Package rerunfilecheck Info: File `Co-lab-Session-1-NPDHist-CPDF.out' has not c
hanged.
(rerunfilecheck)             Checksum: FAF4FDF9B438B45872CB68CE1A33B435;2488.
Package atveryend Info: Empty hook `AtVeryVeryEnd' on input line 838.
 ) 
Here is how much of TeX's memory you used:
 10289 strings out of 493305
 152709 string characters out of 3138858
 267970 words of memory out of 3000000
 13629 multiletter control sequences out of 15000+200000
 14309 words of font info for 51 fonts, out of 3000000 for 9000
 1141 hyphenation exceptions out of 8191
 42i,8n,40p,1191b,802s stack positions out of 5000i,500n,10000p,200000b,50000s
<C:/Program Files/MiKTeX 2.9/fonts/type1/public/amsfonts/cm/cmbx10.pfb><C:/Pr
ogram Files/MiKTeX 2.9/fonts/type1/public/amsfonts/cm/cmr10.pfb><C:/Program Fil
es/MiKTeX 2.9/fonts/type1/public/amsfonts/cm/cmr12.pfb><C:/Program Files/MiKTeX
 2.9/fonts/type1/public/amsfonts/cm/cmsy10.pfb><C:/Program Files/MiKTeX 2.9/fon
ts/type1/public/amsfonts/cm/cmti10.pfb><C:/Program Files/MiKTeX 2.9/fonts/type1
/public/amsfonts/cm/cmtt10.pfb><C:/Program Files/MiKTeX 2.9/fonts/type1/public/
amsfonts/cm/cmtt8.pfb>
Output written on Co-lab-Session-1-NPDHist-CPDF.pdf (26 pages, 648125 bytes).
PDF statistics:
 446 PDF objects out of 1000 (max. 8388607)
 69 named destinations out of 1000 (max. 500000)
 376 words of extra memory for PDF output out of 10000 (max. 10000000)

