\BOOKMARK [1][-]{section.1}{Overview}{}% 1
\BOOKMARK [1][-]{section.2}{Download Workshop Material and Configure R}{}% 2
\BOOKMARK [1][-]{section.3}{Examples}{}% 3
\BOOKMARK [1][-]{section.4}{Resources}{}% 4
\BOOKMARK [1][-]{section.5}{Anatomy of a Shiny App}{}% 5
\BOOKMARK [1][-]{section.6}{Reactivity}{}% 6
\BOOKMARK [1][-]{section.7}{Hello visNetwork}{}% 7
\BOOKMARK [1][-]{section.8}{visNetwork Pleiotropy App}{}% 8
\BOOKMARK [2][-]{subsection.8.1}{visNetwork App Version 1, Basic Network Graph}{section.8}% 9
\BOOKMARK [2][-]{subsection.8.2}{visNetwork App Version 2, Enhanced Graph Controls}{section.8}% 10
\BOOKMARK [2][-]{subsection.8.3}{visNetwork App Version 3, Additional Controls, Centrality Table}{section.8}% 11
\BOOKMARK [1][-]{section.9}{Integrating visNetwork with a Graph Database for Visual Data Exploration}{}% 12
\BOOKMARK [2][-]{subsection.9.1}{SNOMED CT Concept Selection}{section.9}% 13
\BOOKMARK [2][-]{subsection.9.2}{Define Node and Edge Variables}{section.9}% 14
\BOOKMARK [2][-]{subsection.9.3}{Subset Graph to Isolate Variable Levels of Interest}{section.9}% 15
\BOOKMARK [2][-]{subsection.9.4}{Expansion of a Select SNOMED CT Concept Node}{section.9}% 16
\BOOKMARK [2][-]{subsection.9.5}{Radial Graph}{section.9}% 17
\BOOKMARK [2][-]{subsection.9.6}{Interactions}{section.9}% 18
\BOOKMARK [1][-]{section.10}{Alternative Visualizations}{}% 19
\BOOKMARK [2][-]{subsection.10.1}{Create Hierarchy, Vertices, and Initial Graph}{section.10}% 20
\BOOKMARK [2][-]{subsection.10.2}{Hierarchical Dendrogram Edges Indication Pathways Between Node Types}{section.10}% 21
\BOOKMARK [2][-]{subsection.10.3}{Hierarchical Dendrogram Edges and Nodes}{section.10}% 22
\BOOKMARK [2][-]{subsection.10.4}{Hierarchical Dendrogram Edges Indicing Unique Participant Frequency by Node Type}{section.10}% 23
\BOOKMARK [2][-]{subsection.10.5}{Radial Edge Bundled Graph \(points and edges\)}{section.10}% 24
\BOOKMARK [2][-]{subsection.10.6}{Radial Edge Bundled Graph with Edges, Nodes Sized for n, and Node Labels}{section.10}% 25
\BOOKMARK [2][-]{subsection.10.7}{Hiearchical Dendrogram with Nodes, Labels, and Edges}{section.10}% 26
\BOOKMARK [1][-]{section.11}{Debugging}{}% 27
