This is pdfTeX, Version 3.14159265-2.6-1.40.19 (MiKTeX 2.9.6630 64-bit) (preloaded format=pdflatex 2018.5.7)  7 APR 2021 10:08
entering extended mode
**./Co-lab-Session-1-2-DataTables-Plots.tex
(Co-lab-Session-1-2-DataTables-Plots.tex
LaTeX2e <2017-04-15>
Babel <3.18> and hyphenation patterns for 75 language(s) loaded.
("C:\Program Files\MiKTeX 2.9\tex\latex\base\article.cls"
Document Class: article 2014/09/29 v1.4h Standard LaTeX document class
("C:\Program Files\MiKTeX 2.9\tex\latex\base\size10.clo"
File: size10.clo 2014/09/29 v1.4h Standard LaTeX file (size option)
)
\c@part=\count79
\c@section=\count80
\c@subsection=\count81
\c@subsubsection=\count82
\c@paragraph=\count83
\c@subparagraph=\count84
\c@figure=\count85
\c@table=\count86
\abovecaptionskip=\skip41
\belowcaptionskip=\skip42
\bibindent=\dimen102
)
("C:\Program Files\MiKTeX 2.9\tex\latex\setspace\setspace.sty"
Package: setspace 2011/12/19 v6.7a set line spacing
)
("C:\Program Files\MiKTeX 2.9\tex\latex\geometry\geometry.sty"
Package: geometry 2010/09/12 v5.6 Page Geometry

("C:\Program Files\MiKTeX 2.9\tex\latex\graphics\keyval.sty"
Package: keyval 2014/10/28 v1.15 key=value parser (DPC)
\KV@toks@=\toks14
)
("C:\Program Files\MiKTeX 2.9\tex\generic\oberdiek\ifpdf.sty"
Package: ifpdf 2017/03/15 v3.2 Provides the ifpdf switch
)
("C:\Program Files\MiKTeX 2.9\tex\generic\oberdiek\ifvtex.sty"
Package: ifvtex 2016/05/16 v1.6 Detect VTeX and its facilities (HO)
Package ifvtex Info: VTeX not detected.
)
("C:\Program Files\MiKTeX 2.9\tex\generic\ifxetex\ifxetex.sty"
Package: ifxetex 2010/09/12 v0.6 Provides ifxetex conditional
)
\Gm@cnth=\count87
\Gm@cntv=\count88
\c@Gm@tempcnt=\count89
\Gm@bindingoffset=\dimen103
\Gm@wd@mp=\dimen104
\Gm@odd@mp=\dimen105
\Gm@even@mp=\dimen106
\Gm@layoutwidth=\dimen107
\Gm@layoutheight=\dimen108
\Gm@layouthoffset=\dimen109
\Gm@layoutvoffset=\dimen110
\Gm@dimlist=\toks15

("C:\Program Files\MiKTeX 2.9\tex\latex\geometry\geometry.cfg"))
("C:\Program Files\MiKTeX 2.9\tex\latex\titlesec\titlesec.sty"
Package: titlesec 2016/03/21 v2.10.2 Sectioning titles
\ttl@box=\box26
\beforetitleunit=\skip43
\aftertitleunit=\skip44
\ttl@plus=\dimen111
\ttl@minus=\dimen112
\ttl@toksa=\toks16
\titlewidth=\dimen113
\titlewidthlast=\dimen114
\titlewidthfirst=\dimen115
)
("C:\Program Files\MiKTeX 2.9\tex\latex\float\float.sty"
Package: float 2001/11/08 v1.3d Float enhancements (AL)
\c@float@type=\count90
\float@exts=\toks17
\float@box=\box27
\@float@everytoks=\toks18
\@floatcapt=\box28
)
("C:\Program Files\MiKTeX 2.9\tex\latex\enumitem\enumitem.sty"
Package: enumitem 2011/09/28 v3.5.2 Customized lists
\labelindent=\skip45
\enit@outerparindent=\dimen116
\enit@toks=\toks19
\enit@inbox=\box29
\enitdp@description=\count91
)
("C:\Program Files\MiKTeX 2.9\tex\latex\listings\listings.sty"
\lst@mode=\count92
\lst@gtempboxa=\box30
\lst@token=\toks20
\lst@length=\count93
\lst@currlwidth=\dimen117
\lst@column=\count94
\lst@pos=\count95
\lst@lostspace=\dimen118
\lst@width=\dimen119
\lst@newlines=\count96
\lst@lineno=\count97
\lst@maxwidth=\dimen120

("C:\Program Files\MiKTeX 2.9\tex\latex\listings\lstmisc.sty"
File: lstmisc.sty 2015/06/04 1.6 (Carsten Heinz)
\c@lstnumber=\count98
\lst@skipnumbers=\count99
\lst@framebox=\box31
)
("C:\Program Files\MiKTeX 2.9\tex\latex\listings\listings.cfg"
File: listings.cfg 2015/06/04 1.6 listings configuration
))
Package: listings 2015/06/04 1.6 (Carsten Heinz)

("C:\Program Files\MiKTeX 2.9\tex\latex\amsmath\amsmath.sty"
Package: amsmath 2017/09/02 v2.17a AMS math features
\@mathmargin=\skip46

For additional information on amsmath, use the `?' option.
("C:\Program Files\MiKTeX 2.9\tex\latex\amsmath\amstext.sty"
Package: amstext 2000/06/29 v2.01 AMS text

("C:\Program Files\MiKTeX 2.9\tex\latex\amsmath\amsgen.sty"
File: amsgen.sty 1999/11/30 v2.0 generic functions
\@emptytoks=\toks21
\ex@=\dimen121
))
("C:\Program Files\MiKTeX 2.9\tex\latex\amsmath\amsbsy.sty"
Package: amsbsy 1999/11/29 v1.2d Bold Symbols
\pmbraise@=\dimen122
)
("C:\Program Files\MiKTeX 2.9\tex\latex\amsmath\amsopn.sty"
Package: amsopn 2016/03/08 v2.02 operator names
)
\inf@bad=\count100
LaTeX Info: Redefining \frac on input line 213.
\uproot@=\count101
\leftroot@=\count102
LaTeX Info: Redefining \overline on input line 375.
\classnum@=\count103
\DOTSCASE@=\count104
LaTeX Info: Redefining \ldots on input line 472.
LaTeX Info: Redefining \dots on input line 475.
LaTeX Info: Redefining \cdots on input line 596.
\Mathstrutbox@=\box32
\strutbox@=\box33
\big@size=\dimen123
LaTeX Font Info:    Redeclaring font encoding OML on input line 712.
LaTeX Font Info:    Redeclaring font encoding OMS on input line 713.
\macc@depth=\count105
\c@MaxMatrixCols=\count106
\dotsspace@=\muskip10
\c@parentequation=\count107
\dspbrk@lvl=\count108
\tag@help=\toks22
\row@=\count109
\column@=\count110
\maxfields@=\count111
\andhelp@=\toks23
\eqnshift@=\dimen124
\alignsep@=\dimen125
\tagshift@=\dimen126
\tagwidth@=\dimen127
\totwidth@=\dimen128
\lineht@=\dimen129
\@envbody=\toks24
\multlinegap=\skip47
\multlinetaggap=\skip48
\mathdisplay@stack=\toks25
LaTeX Info: Redefining \[ on input line 2817.
LaTeX Info: Redefining \] on input line 2818.
)
("C:\Program Files\MiKTeX 2.9\tex\latex\tools\bm.sty"
Package: bm 2017/01/16 v1.2c Bold Symbol Support (DPC/FMi)
\symboldoperators=\mathgroup4
\symboldletters=\mathgroup5
\symboldsymbols=\mathgroup6
LaTeX Font Info:    Redeclaring math alphabet \mathbf on input line 141.
LaTeX Info: Redefining \bm on input line 207.
)
("C:\Program Files\MiKTeX 2.9\tex\latex\graphics\graphicx.sty"
Package: graphicx 2017/06/01 v1.1a Enhanced LaTeX Graphics (DPC,SPQR)

("C:\Program Files\MiKTeX 2.9\tex\latex\graphics\graphics.sty"
Package: graphics 2017/06/25 v1.2c Standard LaTeX Graphics (DPC,SPQR)

("C:\Program Files\MiKTeX 2.9\tex\latex\graphics\trig.sty"
Package: trig 2016/01/03 v1.10 sin cos tan (DPC)
)
("C:\Program Files\MiKTeX 2.9\tex\latex\graphics-cfg\graphics.cfg"
File: graphics.cfg 2016/06/04 v1.11 sample graphics configuration
)
Package graphics Info: Driver file: pdftex.def on input line 99.

("C:\Program Files\MiKTeX 2.9\tex\latex\graphics-def\pdftex.def"
File: pdftex.def 2018/01/08 v1.0l Graphics/color driver for pdftex
))
\Gin@req@height=\dimen130
\Gin@req@width=\dimen131
)
("C:\Program Files\MiKTeX 2.9\tex\latex\caption\subcaption.sty"
Package: subcaption 2018/05/01 v1.1-162 Sub-captions (AR)

("C:\Program Files\MiKTeX 2.9\tex\latex\caption\caption.sty"
Package: caption 2018/05/01 v3.3-147 Customizing captions (AR)

("C:\Program Files\MiKTeX 2.9\tex\latex\caption\caption3.sty"
Package: caption3 2018/05/27 v1.8a caption3 kernel (AR)
Package caption3 Info: TeX engine: e-TeX on input line 64.
\captionmargin=\dimen132
\captionmargin@=\dimen133
\captionwidth=\dimen134
\caption@tempdima=\dimen135
\caption@indent=\dimen136
\caption@parindent=\dimen137
\caption@hangindent=\dimen138
)
\c@ContinuedFloat=\count112
Package caption Info: float package is loaded.
Package caption Info: listings package is loaded.
)
\c@subfigure=\count113
\c@subtable=\count114
)
("C:\Program Files\MiKTeX 2.9\tex\latex\xcolor\xcolor.sty"
Package: xcolor 2016/05/11 v2.12 LaTeX color extensions (UK)

("C:\Program Files\MiKTeX 2.9\tex\latex\graphics-cfg\color.cfg"
File: color.cfg 2016/01/02 v1.6 sample color configuration
)
Package xcolor Info: Driver file: pdftex.def on input line 225.
Package xcolor Info: Model `cmy' substituted by `cmy0' on input line 1348.
Package xcolor Info: Model `hsb' substituted by `rgb' on input line 1352.
Package xcolor Info: Model `RGB' extended on input line 1364.
Package xcolor Info: Model `HTML' substituted by `rgb' on input line 1366.
Package xcolor Info: Model `Hsb' substituted by `hsb' on input line 1367.
Package xcolor Info: Model `tHsb' substituted by `hsb' on input line 1368.
Package xcolor Info: Model `HSB' substituted by `hsb' on input line 1369.
Package xcolor Info: Model `Gray' substituted by `gray' on input line 1370.
Package xcolor Info: Model `wave' substituted by `hsb' on input line 1371.
)
("C:\Program Files\MiKTeX 2.9\tex\latex\colortbl\colortbl.sty"
Package: colortbl 2018/12/12 v1.0d Color table columns (DPC)

("C:\Program Files\MiKTeX 2.9\tex\latex\tools\array.sty"
Package: array 2016/10/06 v2.4d Tabular extension package (FMi)
\col@sep=\dimen139
\extrarowheight=\dimen140
\NC@list=\toks26
\extratabsurround=\skip49
\backup@length=\skip50
)
\everycr=\toks27
\minrowclearance=\skip51
)
("C:\Program Files\MiKTeX 2.9\tex\latex\changepage\changepage.sty"
Package: changepage 2009/10/20 v1.0c check page and change page layout
\c@cp@cntr=\count115
\cp@tempcnt=\count116
)
("C:\Program Files\MiKTeX 2.9\tex\latex\oberdiek\pdflscape.sty"
Package: pdflscape 2016/05/14 v0.11 Display of landscape pages in PDF (HO)

("C:\Program Files\MiKTeX 2.9\tex\latex\graphics\lscape.sty"
Package: lscape 2000/10/22 v3.01 Landscape Pages (DPC)
)
Package pdflscape Info: Auto-detected driver: pdftex on input line 81.
)
("C:\Program Files\MiKTeX 2.9\tex\latex\natbib\natbib.sty"
Package: natbib 2010/09/13 8.31b (PWD, AO)
\bibhang=\skip52
\bibsep=\skip53
LaTeX Info: Redefining \cite on input line 694.
\c@NAT@ctr=\count117
)
("C:\Program Files\MiKTeX 2.9\tex\latex\footmisc\footmisc.sty"
Package: footmisc 2011/06/06 v5.5b a miscellany of footnote facilities
\FN@temptoken=\toks28
\footnotemargin=\dimen141
\c@pp@next@reset=\count118
Package footmisc Info: Declaring symbol style bringhurst on input line 855.
Package footmisc Info: Declaring symbol style chicago on input line 863.
Package footmisc Info: Declaring symbol style wiley on input line 872.
Package footmisc Info: Declaring symbol style lamport-robust on input line 883.

Package footmisc Info: Declaring symbol style lamport* on input line 903.
Package footmisc Info: Declaring symbol style lamport*-robust on input line 924
.
)
("C:\Program Files\MiKTeX 2.9\tex\latex\hyperref\hyperref.sty"
Package: hyperref 2018/02/06 v6.86b Hypertext links for LaTeX

("C:\Program Files\MiKTeX 2.9\tex\generic\oberdiek\hobsub-hyperref.sty"
Package: hobsub-hyperref 2016/05/16 v1.14 Bundle oberdiek, subset hyperref (HO)


("C:\Program Files\MiKTeX 2.9\tex\generic\oberdiek\hobsub-generic.sty"
Package: hobsub-generic 2016/05/16 v1.14 Bundle oberdiek, subset generic (HO)
Package: hobsub 2016/05/16 v1.14 Construct package bundles (HO)
Package: infwarerr 2016/05/16 v1.4 Providing info/warning/error messages (HO)
Package: ltxcmds 2016/05/16 v1.23 LaTeX kernel commands for general use (HO)
Package: ifluatex 2016/05/16 v1.4 Provides the ifluatex switch (HO)
Package ifluatex Info: LuaTeX not detected.
Package hobsub Info: Skipping package `ifvtex' (already loaded).
Package: intcalc 2016/05/16 v1.2 Expandable calculations with integers (HO)
Package hobsub Info: Skipping package `ifpdf' (already loaded).
Package: etexcmds 2016/05/16 v1.6 Avoid name clashes with e-TeX commands (HO)
Package etexcmds Info: Could not find \expanded.
(etexcmds)             That can mean that you are not using pdfTeX 1.50 or
(etexcmds)             that some package has redefined \expanded.
(etexcmds)             In the latter case, load this package earlier.
Package: kvsetkeys 2016/05/16 v1.17 Key value parser (HO)
Package: kvdefinekeys 2016/05/16 v1.4 Define keys (HO)
Package: pdftexcmds 2018/01/21 v0.26 Utility functions of pdfTeX for LuaTeX (HO
)
Package pdftexcmds Info: LuaTeX not detected.
Package pdftexcmds Info: \pdf@primitive is available.
Package pdftexcmds Info: \pdf@ifprimitive is available.
Package pdftexcmds Info: \pdfdraftmode found.
Package: pdfescape 2016/05/16 v1.14 Implements pdfTeX's escape features (HO)
Package: bigintcalc 2016/05/16 v1.4 Expandable calculations on big integers (HO
)
Package: bitset 2016/05/16 v1.2 Handle bit-vector datatype (HO)
Package: uniquecounter 2016/05/16 v1.3 Provide unlimited unique counter (HO)
)
Package hobsub Info: Skipping package `hobsub' (already loaded).
Package: letltxmacro 2016/05/16 v1.5 Let assignment for LaTeX macros (HO)
Package: hopatch 2016/05/16 v1.3 Wrapper for package hooks (HO)
Package: xcolor-patch 2016/05/16 xcolor patch
Package: atveryend 2016/05/16 v1.9 Hooks at the very end of document (HO)
Package atveryend Info: \enddocument detected (standard20110627).
Package: atbegshi 2016/06/09 v1.18 At begin shipout hook (HO)
Package: refcount 2016/05/16 v3.5 Data extraction from label references (HO)
Package: hycolor 2016/05/16 v1.8 Color options for hyperref/bookmark (HO)
)
("C:\Program Files\MiKTeX 2.9\tex\latex\oberdiek\auxhook.sty"
Package: auxhook 2016/05/16 v1.4 Hooks for auxiliary files (HO)
)
("C:\Program Files\MiKTeX 2.9\tex\latex\oberdiek\kvoptions.sty"
Package: kvoptions 2016/05/16 v3.12 Key value format for package options (HO)
)
\@linkdim=\dimen142
\Hy@linkcounter=\count119
\Hy@pagecounter=\count120

("C:\Program Files\MiKTeX 2.9\tex\latex\hyperref\pd1enc.def"
File: pd1enc.def 2018/02/06 v6.86b Hyperref: PDFDocEncoding definition (HO)
)
\Hy@SavedSpaceFactor=\count121

("C:\Program Files\MiKTeX 2.9\tex\latex\00miktex\hyperref.cfg"
File: hyperref.cfg 2002/06/06 v1.2 hyperref configuration of TeXLive
)
Package hyperref Info: Hyper figures OFF on input line 4509.
Package hyperref Info: Link nesting OFF on input line 4514.
Package hyperref Info: Hyper index ON on input line 4517.
Package hyperref Info: Plain pages OFF on input line 4524.
Package hyperref Info: Backreferencing OFF on input line 4529.
Package hyperref Info: Implicit mode ON; LaTeX internals redefined.
Package hyperref Info: Bookmarks ON on input line 4762.
\c@Hy@tempcnt=\count122

("C:\Program Files\MiKTeX 2.9\tex\latex\url\url.sty"
\Urlmuskip=\muskip11
Package: url 2013/09/16  ver 3.4  Verb mode for urls, etc.
)
LaTeX Info: Redefining \url on input line 5115.
\XeTeXLinkMargin=\dimen143
\Fld@menulength=\count123
\Field@Width=\dimen144
\Fld@charsize=\dimen145
Package hyperref Info: Hyper figures OFF on input line 6369.
Package hyperref Info: Link nesting OFF on input line 6374.
Package hyperref Info: Hyper index ON on input line 6377.
Package hyperref Info: backreferencing OFF on input line 6384.
Package hyperref Info: Link coloring OFF on input line 6389.
Package hyperref Info: Link coloring with OCG OFF on input line 6394.
Package hyperref Info: PDF/A mode OFF on input line 6399.
LaTeX Info: Redefining \ref on input line 6439.
LaTeX Info: Redefining \pageref on input line 6443.
\Hy@abspage=\count124
\c@Item=\count125
\c@Hfootnote=\count126
)
Package hyperref Info: Driver (autodetected): hpdftex.

("C:\Program Files\MiKTeX 2.9\tex\latex\hyperref\hpdftex.def"
File: hpdftex.def 2018/02/06 v6.86b Hyperref driver for pdfTeX
\Fld@listcount=\count127
\c@bookmark@seq@number=\count128

("C:\Program Files\MiKTeX 2.9\tex\latex\oberdiek\rerunfilecheck.sty"
Package: rerunfilecheck 2016/05/16 v1.8 Rerun checks for auxiliary files (HO)
Package uniquecounter Info: New unique counter `rerunfilecheck' on input line 2
82.
)
\Hy@SectionHShift=\skip54
)
Package hyperref Info: Option `colorlinks' set `true' on input line 42.

(Co-lab-Session-1-2-DataTables-Plots.aux)
\openout1 = `Co-lab-Session-1-2-DataTables-Plots.aux'.

LaTeX Font Info:    Checking defaults for OML/cmm/m/it on input line 56.
LaTeX Font Info:    ... okay on input line 56.
LaTeX Font Info:    Checking defaults for T1/cmr/m/n on input line 56.
LaTeX Font Info:    ... okay on input line 56.
LaTeX Font Info:    Checking defaults for OT1/cmr/m/n on input line 56.
LaTeX Font Info:    ... okay on input line 56.
LaTeX Font Info:    Checking defaults for OMS/cmsy/m/n on input line 56.
LaTeX Font Info:    ... okay on input line 56.
LaTeX Font Info:    Checking defaults for OMX/cmex/m/n on input line 56.
LaTeX Font Info:    ... okay on input line 56.
LaTeX Font Info:    Checking defaults for U/cmr/m/n on input line 56.
LaTeX Font Info:    ... okay on input line 56.
LaTeX Font Info:    Checking defaults for PD1/pdf/m/n on input line 56.
LaTeX Font Info:    ... okay on input line 56.

*geometry* driver: auto-detecting
*geometry* detected driver: pdftex
*geometry* verbose mode - [ preamble ] result:
* driver: pdftex
* paper: letterpaper
* layout: <same size as paper>
* layoutoffset:(h,v)=(0.0pt,0.0pt)
* modes: 
* h-part:(L,W,R)=(72.26999pt, 469.75502pt, 72.26999pt)
* v-part:(T,H,B)=(72.26999pt, 650.43001pt, 72.26999pt)
* \paperwidth=614.295pt
* \paperheight=794.96999pt
* \textwidth=469.75502pt
* \textheight=650.43001pt
* \oddsidemargin=0.0pt
* \evensidemargin=0.0pt
* \topmargin=-55.06749pt
* \headheight=12.0pt
* \headsep=25.0pt
* \topskip=10.0pt
* \footskip=30.0pt
* \marginparwidth=65.0pt
* \marginparsep=11.0pt
* \columnsep=10.0pt
* \skip\footins=12.0pt
* \hoffset=0.0pt
* \voffset=0.0pt
* \mag=1000
* \@twocolumnfalse
* \@twosidefalse
* \@mparswitchfalse
* \@reversemarginfalse
* (1in=72.27pt=25.4mm, 1cm=28.453pt)

\c@lstlisting=\count129
("C:\Program Files\MiKTeX 2.9\tex\context\base\supp-pdf.mkii"
[Loading MPS to PDF converter (version 2006.09.02).]
\scratchcounter=\count130
\scratchdimen=\dimen146
\scratchbox=\box34
\nofMPsegments=\count131
\nofMParguments=\count132
\everyMPshowfont=\toks29
\MPscratchCnt=\count133
\MPscratchDim=\dimen147
\MPnumerator=\count134
\makeMPintoPDFobject=\count135
\everyMPtoPDFconversion=\toks30
) ("C:\Program Files\MiKTeX 2.9\tex\latex\oberdiek\epstopdf-base.sty"
Package: epstopdf-base 2016/05/15 v2.6 Base part for package epstopdf

("C:\Program Files\MiKTeX 2.9\tex\latex\oberdiek\grfext.sty"
Package: grfext 2016/05/16 v1.2 Manage graphics extensions (HO)
)
Package epstopdf-base Info: Redefining graphics rule for `.eps' on input line 4
38.
Package grfext Info: Graphics extension search list:
(grfext)             [.pdf,.png,.jpg,.mps,.jpeg,.jbig2,.jb2,.PDF,.PNG,.JPG,.JPE
G,.JBIG2,.JB2,.eps]
(grfext)             \AppendGraphicsExtensions on input line 456.
)
Package caption Info: Begin \AtBeginDocument code.
Package caption Info: hyperref package is loaded.
Package caption Info: End \AtBeginDocument code.
\AtBeginShipoutBox=\box35
Package hyperref Info: Link coloring ON on input line 56.

("C:\Program Files\MiKTeX 2.9\tex\latex\hyperref\nameref.sty"
Package: nameref 2016/05/21 v2.44 Cross-referencing by name of section

("C:\Program Files\MiKTeX 2.9\tex\generic\oberdiek\gettitlestring.sty"
Package: gettitlestring 2016/05/16 v1.5 Cleanup title references (HO)
)
\c@section@level=\count136
)
LaTeX Info: Redefining \ref on input line 56.
LaTeX Info: Redefining \pageref on input line 56.
LaTeX Info: Redefining \nameref on input line 56.

(Co-lab-Session-1-2-DataTables-Plots.out)
(Co-lab-Session-1-2-DataTables-Plots.out)
\@outlinefile=\write3
\openout3 = `Co-lab-Session-1-2-DataTables-Plots.out'.



LaTeX Warning: No \author given.


Underfull \hbox (badness 10000) in paragraph at lines 66--67

 []


Underfull \hbox (badness 10000) in paragraph at lines 68--69

 []

LaTeX Font Info:    Try loading font information for OMS+cmr on input line 73.
("C:\Program Files\MiKTeX 2.9\tex\latex\base\omscmr.fd"
File: omscmr.fd 2014/09/29 v2.5h Standard LaTeX font definitions
)
LaTeX Font Info:    Font shape `OMS/cmr/m/n' in size <10> not available
(Font)              Font shape `OMS/cmsy/m/n' tried instead on input line 73.
 [1

{C:/Users/Kyung Soon/AppData/Local/MiKTeX/2.9/pdftex/config/pdftex.map}] [2]
Overfull \hbox (3.76396pt too wide) in paragraph at lines 181--182
[]\OT1/cmr/m/n/10 Andrews and Wainer, \OT1/cmr/m/it/10 The Great Mi-gra-tion: A
 Graph-ics Novel\OT1/cmr/m/n/10 , [][]$\OT1/cmtt/m/n/10 https : / / rss . onlin
elibrary .
 []

[3]
Underfull \hbox (badness 10000) in paragraph at lines 223--224

 []

<images/OpinionWordProportionXYPlotApp.png, id=223, 886.06032pt x 717.43031pt>
File: images/OpinionWordProportionXYPlotApp.png Graphic file (type png)
<use images/OpinionWordProportionXYPlotApp.png>
Package pdftex.def Info: images/OpinionWordProportionXYPlotApp.png  used on inp
ut line 226.
(pdftex.def)             Requested size: 469.75499pt x 380.35667pt.
[4] [5 <./images/OpinionWordProportionXYPlotApp.png>]
Underfull \hbox (badness 10000) in paragraph at lines 234--235

 []

<images/OpinionTextAnalysisApp-Freq-Corr.png, id=239, 912.40875pt x 570.63188pt
>
File: images/OpinionTextAnalysisApp-Freq-Corr.png Graphic file (type png)
<use images/OpinionTextAnalysisApp-Freq-Corr.png>
Package pdftex.def Info: images/OpinionTextAnalysisApp-Freq-Corr.png  used on i
nput line 237.
(pdftex.def)             Requested size: 469.75499pt x 293.78728pt.

Underfull \hbox (badness 10000) in paragraph at lines 256--257

 []

[6

 <./images/OpinionTextAnalysisApp-Freq-Corr.png>]
<images/iCPAGdbCompute.png, id=254, 1350.54562pt x 699.36281pt>
File: images/iCPAGdbCompute.png Graphic file (type png)
<use images/iCPAGdbCompute.png>
Package pdftex.def Info: images/iCPAGdbCompute.png  used on input line 260.
(pdftex.def)             Requested size: 469.75499pt x 243.25464pt.
 [7 <./images/iCPAGdbCompute.png>]
Overfull \hbox (9.96524pt too wide) in paragraph at lines 331--332
[]\OT1/cmr/m/n/10 Copy course out-line, scripts, and data from [][]$\OT1/cmtt/m
/n/10 https : / / github . com / tbalmat / Duke-[]Co-[]lab / tree / master /
 []

[8]
Overfull \hbox (57.99084pt too wide) in paragraph at lines 363--364
[][][]$\OT1/cmtt/m/n/10 https : / / www . opm . gov / policy-[]data-[]oversight
 / data-[]analysis-[]documentation / data-[]policy-[]guidance /
 []


Overfull \hbox (37.49103pt too wide) in paragraph at lines 364--365
[][][]$\OT1/cmtt/m/n/10 https : / / github . com / tbalmat / Duke-[]Co-[]lab / 
blob / master / Docs / US-[]OPM-[]Guide-[]To-[]Data-[]Standards .
 []


Overfull \hbox (119.84698pt too wide) in paragraph at lines 372--376
[]\OT1/cmr/m/n/10 Buzzfeed OPM data: [][]$\OT1/cmtt/m/n/9 https : / / www . buz
zfeednews . com / article / jsvine / sharing-[]hundreds-[]of-[]millions-[]of-[]
federal-[]payroll-[]records$[][] 
 []


Underfull \hbox (badness 10000) in paragraph at lines 409--410

 []

[9

]
Overfull \hbox (63.91435pt too wide) in paragraph at lines 416--421
\OT1/cmtt/m/n/9 setwd("C:/Projects/Duke/Co-lab/Shiny-Spring-2021/Session-1-2-Da
taTables-Plots/App/V9-CPDF-FYSliderBar") 
 []


Overfull \hbox (59.1894pt too wide) in paragraph at lines 421--426
\OT1/cmtt/m/n/9 ad <- "C:/Projects/Duke/Co-lab/Shiny-Spring-2021/Session-1-2-Da
taTables-Plots/App/V9-CPDF-FYSliderBar" 
 []

[10]
<images/Motivation01.png, id=292, 1041.1397pt x 714.41907pt>
File: images/Motivation01.png Graphic file (type png)
<use images/Motivation01.png>
Package pdftex.def Info: images/Motivation01.png  used on input line 440.
(pdftex.def)             Requested size: 469.75499pt x 322.33589pt.
 [11

 <./images/Motivation01.png>]
<images/Motivation02.png, id=302, 1039.63406pt x 715.92468pt>
File: images/Motivation02.png Graphic file (type png)
<use images/Motivation02.png>
Package pdftex.def Info: images/Motivation02.png  used on input line 455.
(pdftex.def)             Requested size: 469.75499pt x 323.48494pt.
 [12

 <./images/Motivation02.png>]
<images/Motivation03.png, id=312, 1039.63406pt x 716.6775pt>
File: images/Motivation03.png Graphic file (type png)
<use images/Motivation03.png>
Package pdftex.def Info: images/Motivation03.png  used on input line 470.
(pdftex.def)             Requested size: 469.75499pt x 323.8251pt.
 [13

 <./images/Motivation03.png>]
<images/Motivation04.png, id=323, 1044.90375pt x 686.565pt>
File: images/Motivation04.png Graphic file (type png)
<use images/Motivation04.png>
Package pdftex.def Info: images/Motivation04.png  used on input line 485.
(pdftex.def)             Requested size: 469.75499pt x 308.65807pt.
 [14

 <./images/Motivation04.png>]
Underfull \hbox (badness 1968) in paragraph at lines 507--507
[][][]\OT1/cmr/m/n/8 Additional in-for-ma-tion on CPDF data el-e-ments is avail
-able in the OPM Guide to Data Stan-dards [][]$\OT1/cmtt/m/n/8 https :
 []


Underfull \hbox (badness 10000) in paragraph at lines 507--507
\OT1/cmtt/m/n/8 / / www . opm . gov / policy-[]data-[]oversight / data-[]analys
is-[]documentation / data-[]policy-[]guidance / reporting-[]guidance /
 []


Underfull \hbox (badness 10000) in paragraph at lines 546--547

 []

[15

]
Overfull \hbox (30.38258pt too wide) in paragraph at lines 579--580
\OT1/cmr/m/n/10 cer-tain pa-ram-e-ter val-ues (ex-am-i-na-tion of \OT1/cmtt/m/n
/10 g \OT1/cmr/m/n/10 re-vealed the el-e-ment \OT1/cmtt/m/n/10 g[["layers"]][[l
ength(g[["layers"]])]]
 []

[16]
<images/V1FYPanelGradeVEd.png, id=361, 674.52pt x 674.52pt>
File: images/V1FYPanelGradeVEd.png Graphic file (type png)
<use images/V1FYPanelGradeVEd.png>
Package pdftex.def Info: images/V1FYPanelGradeVEd.png  used on input line 587.
(pdftex.def)             Requested size: 397.48499pt x 397.4899pt.
 [17 <./images/V1FYPanelGradeVEd.png (PNG copy)>]
<images/V2-Screenshot-Table.png, id=379, 944.7797pt x 458.46281pt>
File: images/V2-Screenshot-Table.png Graphic file (type png)
<use images/V2-Screenshot-Table.png>
Package pdftex.def Info: images/V2-Screenshot-Table.png  used on input line 610
.
(pdftex.def)             Requested size: 469.75499pt x 227.95764pt.
<images/V2-Screenshot-Plot.png, id=381, 1019.30812pt x 724.95844pt>
File: images/V2-Screenshot-Plot.png Graphic file (type png)
<use images/V2-Screenshot-Plot.png>
Package pdftex.def Info: images/V2-Screenshot-Plot.png  used on input line 619.

(pdftex.def)             Requested size: 469.75499pt x 334.1044pt.
 [18 <./images/V2-Screenshot-Table.png>]
Underfull \hbox (badness 10000) in paragraph at lines 627--628

 []


Overfull \hbox (2.18913pt too wide) in paragraph at lines 642--643
[]\OT1/cmr/m/n/10 (line 127) Mul-ti-ple in-de-pen-dent vari-ables are si-mul-ta
-ne-ously se-lectable (\OT1/cmtt/m/n/10 t1IndepVar\OT1/cmr/m/n/10 , \OT1/cmtt/m
/n/10 multiple=T\OT1/cmr/m/n/10 ).
 []

[19 <./images/V2-Screenshot-Plot.png>] [20] [21]
<images/V3-Screenshot-Table.png, id=426, 1120.185pt x 674.52pt>
File: images/V3-Screenshot-Table.png Graphic file (type png)
<use images/V3-Screenshot-Table.png>
Package pdftex.def Info: images/V3-Screenshot-Table.png  used on input line 718
.
(pdftex.def)             Requested size: 469.75499pt x 282.86418pt.
<images/V3-Screenshot-Plot.png, id=428, 962.09438pt x 714.41907pt>
File: images/V3-Screenshot-Plot.png Graphic file (type png)
<use images/V3-Screenshot-Plot.png>
Package pdftex.def Info: images/V3-Screenshot-Plot.png  used on input line 725.

(pdftex.def)             Requested size: 469.75499pt x 348.82568pt.
 [22 <./images/V3-Screenshot-Table.png>]
Underfull \hbox (badness 10000) in paragraph at lines 733--734

 []

LaTeX Font Info:    Font shape `OT1/cmtt/bx/n' in size <10> not available
(Font)              Font shape `OT1/cmtt/m/n' tried instead on input line 737.
[23 <./images/V3-Screenshot-Plot.png>]
<images/themeSelector.png, id=454, 185.19188pt x 103.88812pt>
File: images/themeSelector.png Graphic file (type png)
<use images/themeSelector.png>
Package pdftex.def Info: images/themeSelector.png  used on input line 757.
(pdftex.def)             Requested size: 144.54pt x 81.08472pt.

Underfull \hbox (badness 10000) in paragraph at lines 755--761

 []

<images/browserInspect01.png, id=460, 1164.60094pt x 313.9228pt>
File: images/browserInspect01.png Graphic file (type png)
<use images/browserInspect01.png>
Package pdftex.def Info: images/browserInspect01.png  used on input line 771.
(pdftex.def)             Requested size: 397.48499pt x 107.13948pt.
<images/browserInspect02.png, id=462, 311.66437pt x 82.80937pt>
File: images/browserInspect02.png Graphic file (type png)
<use images/browserInspect02.png>
Package pdftex.def Info: images/browserInspect02.png  used on input line 777.
(pdftex.def)             Requested size: 180.67499pt x 48.00545pt.
[24 <./images/themeSelector.png>]
<images/browserInspect03.png, id=475, 435.87843pt x 124.96687pt>
File: images/browserInspect03.png Graphic file (type png)
<use images/browserInspect03.png>
Package pdftex.def Info: images/browserInspect03.png  used on input line 783.
(pdftex.def)             Requested size: 216.81pt x 62.15912pt.
<images/browserInspect04.png, id=477, 211.54031pt x 297.36093pt>
File: images/browserInspect04.png Graphic file (type png)
<use images/browserInspect04.png>
Package pdftex.def Info: images/browserInspect04.png  used on input line 789.
(pdftex.def)             Requested size: 126.47249pt x 177.77815pt.
 [25 <./images/browserInspect01.png> <./images/browserInspect02.png> <./images/
browserInspect03.png> <./images/browserInspect04.png>]
<images/modalWindow.png, id=493, 402.75468pt x 159.59625pt>
File: images/modalWindow.png Graphic file (type png)
<use images/modalWindow.png>
Package pdftex.def Info: images/modalWindow.png  used on input line 804.
(pdftex.def)             Requested size: 216.81pt x 85.9128pt.
<images/unhandledError01.png, id=496, 546.54187pt x 83.5622pt>
File: images/unhandledError01.png Graphic file (type png)
<use images/unhandledError01.png>
Package pdftex.def Info: images/unhandledError01.png  used on input line 812.
(pdftex.def)             Requested size: 325.215pt x 49.7233pt.

Underfull \hbox (badness 10000) in paragraph at lines 810--816

 []

[26

 <./images/modalWindow.png> <./images/unhandledError01.png>]
Underfull \hbox (badness 10000) in paragraph at lines 825--826

 []

<images/V4-Panels01.png, id=509, 1438.6247pt x 688.07062pt>
File: images/V4-Panels01.png Graphic file (type png)
<use images/V4-Panels01.png>
Package pdftex.def Info: images/V4-Panels01.png  used on input line 828.
(pdftex.def)             Requested size: 469.75499pt x 224.67021pt.

Underfull \hbox (badness 10000) in paragraph at lines 836--837

 []

[27

 <./images/V4-Panels01.png>]
<images/V5-Initial.png, id=521, 1345.27594pt x 701.62125pt>
File: images/V5-Initial.png Graphic file (type png)
<use images/V5-Initial.png>
Package pdftex.def Info: images/V5-Initial.png  used on input line 867.
(pdftex.def)             Requested size: 469.75499pt x 244.993pt.

Underfull \hbox (badness 10000) in paragraph at lines 873--874

 []

[28

 <./images/V5-Initial.png>]
Overfull \hbox (3.02225pt too wide) in paragraph at lines 900--901
[]\OT1/cmr/m/n/10 (s385-414) The user clicks Ac-cept, which ex-e-cutes the ob-s
erve event de-fined for \OT1/cmtt/m/n/10 input$fileInputAccept 
 []

<images/V5-Upload-01.png, id=537, 169.38281pt x 130.23656pt>
File: images/V5-Upload-01.png Graphic file (type png)
<use images/V5-Upload-01.png>
Package pdftex.def Info: images/V5-Upload-01.png  used on input line 908.
(pdftex.def)             Requested size: 108.405pt x 83.35309pt.
<images/V5-Upload-02.png, id=539, 602.25pt x 401.24907pt>
File: images/V5-Upload-02.png Graphic file (type png)
<use images/V5-Upload-02.png>
Package pdftex.def Info: images/V5-Upload-02.png  used on input line 915.
(pdftex.def)             Requested size: 289.07999pt x 192.60349pt.
[29

 <./images/V5-Upload-01.png>]
<images/V5-Upload-03.png, id=551, 602.25pt x 207.02344pt>
File: images/V5-Upload-03.png Graphic file (type png)
<use images/V5-Upload-03.png>
Package pdftex.def Info: images/V5-Upload-03.png  used on input line 922.
(pdftex.def)             Requested size: 289.07999pt x 99.37326pt.
<images/V5-Upload-04.png, id=553, 165.61874pt x 128.73094pt>
File: images/V5-Upload-04.png Graphic file (type png)
<use images/V5-Upload-04.png>
Package pdftex.def Info: images/V5-Upload-04.png  used on input line 929.
(pdftex.def)             Requested size: 108.405pt x 84.25946pt.
 [30 <./images/V5-Upload-02.png> <./images/V5-Upload-03.png> <./images/V5-Uploa
d-04.png>]
File: images/V5-Upload-01.png Graphic file (type png)
<use images/V5-Upload-01.png>
Package pdftex.def Info: images/V5-Upload-01.png  used on input line 952.
(pdftex.def)             Requested size: 108.405pt x 83.35309pt.
<images/V5-SampleFile-01.png, id=570, 326.72063pt x 240.9pt>
File: images/V5-SampleFile-01.png Graphic file (type png)
<use images/V5-SampleFile-01.png>
Package pdftex.def Info: images/V5-SampleFile-01.png  used on input line 959.
(pdftex.def)             Requested size: 216.81pt x 159.85829pt.
<images/V5-SampleFile-02.png, id=572, 518.6878pt x 510.40688pt>
File: images/V5-SampleFile-02.png Graphic file (type png)
<use images/V5-SampleFile-02.png>
Package pdftex.def Info: images/V5-SampleFile-02.png  used on input line 966.
(pdftex.def)             Requested size: 325.215pt x 320.03934pt.
 [31 <./images/V5-SampleFile-01.png>]
Overfull \hbox (124.9078pt too wide) in paragraph at lines 978--979
\OT1/cmr/m/n/10 panel, so that it is vis-i-ble only when \OT1/cmtt/m/n/10 input
.displayTableDownloadButton \OT1/cmr/m/n/10 is \OT1/cmtt/m/n/10 TRUE \OT1/cmr/m
/n/10 (note that \OT1/cmtt/m/n/10 input.displayTableDownloadButton
 []

<images/V5-TableDownload01.png, id=586, 435.87843pt x 637.63219pt>
File: images/V5-TableDownload01.png Graphic file (type png)
<use images/V5-TableDownload01.png>
Package pdftex.def Info: images/V5-TableDownload01.png  used on input line 986.

(pdftex.def)             Requested size: 325.215pt x 475.74194pt.
[32 <./images/V5-SampleFile-02.png>]
<images/V5-TableDownload02.png, id=596, 326.72063pt x 240.9pt>
File: images/V5-TableDownload02.png Graphic file (type png)
<use images/V5-TableDownload02.png>
Package pdftex.def Info: images/V5-TableDownload02.png  used on input line 993.

(pdftex.def)             Requested size: 216.81pt x 159.85829pt.
 [33 <./images/V5-TableDownload01.png>]
<images/V5-ProgressIndicator01.png, id=605, 712.16063pt x 45.16875pt>
File: images/V5-ProgressIndicator01.png Graphic file (type png)
<use images/V5-ProgressIndicator01.png>
Package pdftex.def Info: images/V5-ProgressIndicator01.png  used on input line 
1012.
(pdftex.def)             Requested size: 433.62pt x 27.50188pt.

[34 <./images/V5-TableDownload02.png> <./images/V5-ProgressIndicator01.png>]
Underfull \hbox (badness 10000) in paragraph at lines 1029--1031

 []


Overfull \hbox (22.75172pt too wide) in paragraph at lines 1064--1064
 []        \OT1/cmtt/m/n/8 Using the selection table (in section 1) click the r
ow with the pair of GWAS datasets that you want to[] 
 []


Overfull \hbox (27.00179pt too wide) in paragraph at lines 1064--1064
 []        \OT1/cmtt/m/n/8 compare (combinations of NHGRI-EBI GWAS catalog, met
abolomics, or cellular host-pathogen traits) at the[] 
 []


Overfull \hbox (22.75172pt too wide) in paragraph at lines 1064--1064
 []        \OT1/cmtt/m/n/8 specified p-value thresholds and with the specified 
population used in calculating LD.  Results appear[] 
 []


Overfull \hbox (22.75172pt too wide) in paragraph at lines 1064--1064
 []            \OT1/cmtt/m/n/8 Table: Each pairwise trait combination is listed
 (Trait<sub>1</sub>, Trait<sub>2</sub>) along with[] 
 []


Overfull \hbox (27.00179pt too wide) in paragraph at lines 1064--1064
 []            \OT1/cmtt/m/n/8 the number of SNPs that overlap directly (Nshare
<sub>direct</sub>), the number of SNPs that overlap[] 
 []

Missing character: There is no â in font cmtt8!
Missing character: There is no € in font cmtt8!
Missing character: There is no ™ in font cmtt8!

Overfull \hbox (31.25185pt too wide) in paragraph at lines 1064--1064
 []            \OT1/cmtt/m/n/8 (-log<sub>10</sub>(Padjust<sub>FDR</sub>) or Bon
ferroni (-log<sub>10</sub>(P<sub>Bonferroni</sub>)),[] 
 []


Overfull \hbox (31.25185pt too wide) in paragraph at lines 1064--1064
 []            \OT1/cmtt/m/n/8 the shared SNPs (SNP<sub>shared</sub>), similari
ty indices (Jaccard and Chao-Sorenson), and ontology[] 
 []


Overfull \hbox (14.2516pt too wide) in paragraph at lines 1064--1064
 []            \OT1/cmtt/m/n/8 information based on EFO codes in NHGRI-EBI GWAS
 catalog. Results can be sorted by any column or[] 
 []


Overfull \hbox (14.2516pt too wide) in paragraph at lines 1064--1064
 []            \OT1/cmtt/m/n/8 Heatmap: By default, the heatmap is based on the
 Chao-Sorenson similarity index, but options for[] 
 []


Overfull \hbox (14.2516pt too wide) in paragraph at lines 1064--1064
 []            \OT1/cmtt/m/n/8 Jaccard similarity or -log<sub>10</sub>(P<sub>Fi
sher</sub>) are also available. Hover over cells[] 
 []


Overfull \hbox (14.2516pt too wide) in paragraph at lines 1064--1064
 []            \OT1/cmtt/m/n/8 to inspect the plotted value for pairs of phenot
ypes.  Click and drag to zoom in on a particular[] 
 []


LaTeX Warning: Reference `sec:V5modal' on page 35 undefined on input line 1066.


<images/V5-AboutPanel.png, id=624, 167.12437pt x 65.49469pt>
File: images/V5-AboutPanel.png Graphic file (type png)
<use images/V5-AboutPanel.png>
Package pdftex.def Info: images/V5-AboutPanel.png  used on input line 1072.
(pdftex.def)             Requested size: 108.405pt x 42.48407pt.
[35]
<images/V5-QuickStartText.png, id=631, 1266.98344pt x 670.75594pt>
File: images/V5-QuickStartText.png Graphic file (type png)
<use images/V5-QuickStartText.png>
Package pdftex.def Info: images/V5-QuickStartText.png  used on input line 1079.

(pdftex.def)             Requested size: 469.75499pt x 248.68755pt.
<images/V5-AboutText.png, id=633, 1266.23062pt x 528.47438pt>
File: images/V5-AboutText.png Graphic file (type png)
<use images/V5-AboutText.png>
Package pdftex.def Info: images/V5-AboutText.png  used on input line 1086.
(pdftex.def)             Requested size: 469.75499pt x 196.05661pt.
 [36 <./images/V5-AboutPanel.png> <./images/V5-QuickStartText.png> <./images/V5
-AboutText.png>] [37]
Overfull \hbox (36.74504pt too wide) in paragraph at lines 1143--1144
[]\OT1/cmr/m/n/10 The file Ap-p/Ad-vanced-DataT-able-Fea-tures/Ad-vanced-DataT-
able-Fea-tures.r con-tains an al-ter-na-tive \OT1/cmtt/m/n/10 t1ComposeTable()
 []


Underfull \hbox (badness 10000) in paragraph at lines 1143--1144

 []


Underfull \hbox (badness 10000) in paragraph at lines 1146--1148

 []


Underfull \hbox (badness 10000) in paragraph at lines 1155--1156

 []


Overfull \hbox (5.66107pt too wide) in paragraph at lines 1180--1182
[]\OT1/cmr/m/n/10 The re-ac-tiv-ity log may be help-ful in de-bug-ging re-ac-ti
ve se-quenc-ing is-sues (\OT1/cmtt/m/n/10 options(shiny.reactlog=T)\OT1/cmr/m/n
/10 ,
 []

[38]
Package atveryend Info: Empty hook `BeforeClearDocument' on input line 1187.
 [39]
Package atveryend Info: Empty hook `AfterLastShipout' on input line 1187.
 (Co-lab-Session-1-2-DataTables-Plots.aux)
Package atveryend Info: Executing hook `AtVeryEndDocument' on input line 1187.
Package atveryend Info: Executing hook `AtEndAfterFileList' on input line 1187.

Package rerunfilecheck Info: File `Co-lab-Session-1-2-DataTables-Plots.out' has
 not changed.
(rerunfilecheck)             Checksum: 33B8E65DDC7735DBB111B82BB26FBC10;3022.


LaTeX Warning: There were undefined references.

Package atveryend Info: Empty hook `AtVeryVeryEnd' on input line 1187.
 ) 
Here is how much of TeX's memory you used:
 10502 strings out of 493305
 157697 string characters out of 3138858
 271520 words of memory out of 3000000
 13761 multiletter control sequences out of 15000+200000
 16534 words of font info for 59 fonts, out of 3000000 for 9000
 1141 hyphenation exceptions out of 8191
 42i,10n,40p,1622b,852s stack positions out of 5000i,500n,10000p,200000b,50000s
<C:/Program Files/MiKTeX 2.9/fonts/type1/public/amsfonts/cm/cmbx10.pfb><C:/Pr
ogram Files/MiKTeX 2.9/fonts/type1/public/amsfonts/cm/cmbx12.pfb><C:/Program Fi
les/MiKTeX 2.9/fonts/type1/public/amsfonts/cm/cmmi10.pfb><C:/Program Files/MiKT
eX 2.9/fonts/type1/public/amsfonts/cm/cmr10.pfb><C:/Program Files/MiKTeX 2.9/fo
nts/type1/public/amsfonts/cm/cmr12.pfb><C:/Program Files/MiKTeX 2.9/fonts/type1
/public/amsfonts/cm/cmr6.pfb><C:/Program Files/MiKTeX 2.9/fonts/type1/public/am
sfonts/cm/cmr7.pfb><C:/Program Files/MiKTeX 2.9/fonts/type1/public/amsfonts/cm/
cmr8.pfb><C:/Program Files/MiKTeX 2.9/fonts/type1/public/amsfonts/cm/cmsy10.pfb
><C:/Program Files/MiKTeX 2.9/fonts/type1/public/amsfonts/cm/cmti10.pfb><C:/Pro
gram Files/MiKTeX 2.9/fonts/type1/public/amsfonts/cm/cmtt10.pfb><C:/Program Fil
es/MiKTeX 2.9/fonts/type1/public/amsfonts/cm/cmtt8.pfb><C:/Program Files/MiKTeX
 2.9/fonts/type1/public/amsfonts/cm/cmtt9.pfb>
Output written on Co-lab-Session-1-2-DataTables-Plots.pdf (39 pages, 2892124 by
tes).
PDF statistics:
 735 PDF objects out of 1000 (max. 8388607)
 122 named destinations out of 1000 (max. 500000)
 666 words of extra memory for PDF output out of 10000 (max. 10000000)

